[35m[1mScanning dependencies of target 2_test[0m
[ 50%] [32mBuilding CXX object CMakeFiles/2_test.dir/scripts/2_test.cpp.o[0m
In file included from [01m[K/usr/include/c++/5/array:35:0[m[K,
                 from [01m[K/home/andrea/thesis_ws/src/panda_robot/scripts/2_test.cpp:3[m[K:
[01m[K/usr/include/c++/5/bits/c++0x_warning.h:32:2:[m[K [01;31m[Kerror: [m[K#error This file requires compiler and library support for the ISO C++ 2011 standard. This support must be enabled with the -std=c++11 or -std=gnu++11 compiler options.
 #error This file requires compiler and library support \
[01;32m[K  ^[m[K
[01m[K/home/andrea/thesis_ws/src/panda_robot/scripts/2_test.cpp:7:23:[m[K [01;31m[Kfatal error: [m[KEigen/Dense: File o directory non esistente
compilation terminated.
CMakeFiles/2_test.dir/build.make:62: set di istruzioni per l'obiettivo "CMakeFiles/2_test.dir/scripts/2_test.cpp.o" non riuscito
make[2]: *** [CMakeFiles/2_test.dir/scripts/2_test.cpp.o] Errore 1
CMakeFiles/Makefile2:163: set di istruzioni per l'obiettivo "CMakeFiles/2_test.dir/all" non riuscito
make[1]: *** [CMakeFiles/2_test.dir/all] Errore 2
Makefile:138: set di istruzioni per l'obiettivo "all" non riuscito
make: *** [all] Errore 2
